<?xml version="1.0" encoding="UTF-8"?>
<testng-results skipped="0" failed="0" ignored="0" total="1" passed="1">
  <reporter-output>
  </reporter-output>
  <suite name="Default suite" duration-ms="3162" started-at="2018-05-15T16:48:53Z" finished-at="2018-05-15T16:48:57Z">
    <groups>
      <group name="cucumber">
        <method signature="AbstractTestNGCucumberTests.feature(cucumber.api.testng.CucumberFeatureWrapper)[pri:0, instance:pack.TestRunner@56235b8e]" name="feature" class="cucumber.api.testng.AbstractTestNGCucumberTests"/>
      </group> <!-- cucumber -->
    </groups>
    <test name="Default test" duration-ms="3162" started-at="2018-05-15T16:48:53Z" finished-at="2018-05-15T16:48:57Z">
      <class name="pack.TestRunner">
        <test-method status="PASS" signature="setUpClass()[pri:0, instance:pack.TestRunner@56235b8e]" name="setUpClass" is-config="true" duration-ms="336" started-at="2018-05-15T18:48:54Z" finished-at="2018-05-15T18:48:54Z">
          <reporter-output>
          </reporter-output>
        </test-method> <!-- setUpClass -->
        <test-method status="PASS" signature="feature(cucumber.api.testng.CucumberFeatureWrapper)[pri:0, instance:pack.TestRunner@56235b8e]" name="feature" duration-ms="2636" started-at="2018-05-15T18:48:54Z" description="Runs Cucumber Feature" data-provider="features" finished-at="2018-05-15T18:48:57Z">
          <params>
            <param index="0">
              <value>
                <![CDATA[GET Response]]>
              </value>
            </param>
          </params>
          <reporter-output>
          </reporter-output>
        </test-method> <!-- feature -->
        <test-method status="PASS" signature="tearDownClass()[pri:0, instance:pack.TestRunner@56235b8e]" name="tearDownClass" is-config="true" duration-ms="84" started-at="2018-05-15T18:48:57Z" finished-at="2018-05-15T18:48:57Z">
          <reporter-output>
          </reporter-output>
        </test-method> <!-- tearDownClass -->
      </class> <!-- pack.TestRunner -->
    </test> <!-- Default test -->
  </suite> <!-- Default suite -->
</testng-results>
